android/app/build/intermediates/manifest_merge_blame_file/debug/manifest-merger-blame-debug-report.txt
1<?xml version="1.0" encoding="utf-8"?>
2<manifest xmlns:android="http://schemas.android.com/apk/res/android"
3    package="com.dyonisos"
4    android:versionCode="1"
5    android:versionName="1.0" >
6
7    <uses-sdk
8        android:minSdkVersion="16"
9        android:targetSdkVersion="29" />
10
11    <uses-permission android:name="android.permission.SYSTEM_ALERT_WINDOW" />
11-->src/debug/AndroidManifest.xml:5:4-76
11-->src/debug/AndroidManifest.xml:5:21-74
12    <uses-permission android:name="android.permission.INTERNET" />
12-->src/main/AndroidManifest.xml:4:5-67
12-->src/main/AndroidManifest.xml:4:22-64
13    <uses-permission android:name="android.permission.CAMERA" />
13-->src/debug/AndroidManifest.xml:7:1-61
13-->src/debug/AndroidManifest.xml:7:18-58
14    <uses-permission android:name="android.permission.WRITE_EXTERNAL_STORAGE" />
14-->src/debug/AndroidManifest.xml:8:1-77
14-->src/debug/AndroidManifest.xml:8:18-74
15    <uses-permission android:name="android.permission.VIBRATE" />
15-->src/debug/AndroidManifest.xml:9:1-62
15-->src/debug/AndroidManifest.xml:9:18-59
16    <uses-permission android:name="android.permission.READ_CONTACTS" />
16-->src/debug/AndroidManifest.xml:10:1-68
16-->src/debug/AndroidManifest.xml:10:18-65
17    <uses-permission android:name="android.permission.ACCESS_FINE_LOCATION" />
17-->src/main/AndroidManifest.xml:5:6-80
17-->src/main/AndroidManifest.xml:5:23-77
18    <uses-permission android:name="android.permission.ACCESS_WIFI_STATE" />
18-->[com.facebook.flipper:flipper:0.37.0] AndroidManifest.xml:16:5-76
18-->[com.facebook.flipper:flipper:0.37.0] AndroidManifest.xml:16:22-73
19    <uses-permission android:name="android.permission.ACCESS_NETWORK_STATE" />
19-->[:react-native-community_netinfo] AndroidManifest.xml:9:5-79
19-->[:react-native-community_netinfo] AndroidManifest.xml:9:22-76
20
21    <application
21-->src/main/AndroidManifest.xml:6:5-25:19
22        android:name="com.dyonisos.MainApplication"
22-->src/main/AndroidManifest.xml:7:7-38
23        android:allowBackup="false"
23-->src/main/AndroidManifest.xml:11:7-34
24        android:appComponentFactory="androidx.core.app.CoreComponentFactory"
24-->[androidx.core:core:1.1.0] AndroidManifest.xml:24:18-86
25        android:debuggable="true"
26        android:icon="@mipmap/ic_launcher"
26-->src/main/AndroidManifest.xml:9:7-41
27        android:label="@string/app_name"
27-->src/main/AndroidManifest.xml:8:7-39
28        android:roundIcon="@mipmap/ic_launcher_round"
28-->src/main/AndroidManifest.xml:10:7-52
29        android:theme="@style/AppTheme"
29-->src/main/AndroidManifest.xml:12:7-38
30        android:usesCleartextTraffic="true" >
30-->src/debug/AndroidManifest.xml:12:18-53
31        <activity
31-->src/main/AndroidManifest.xml:13:7-23:18
32            android:name="com.dyonisos.MainActivity"
32-->src/main/AndroidManifest.xml:14:9-37
33            android:configChanges="keyboard|keyboardHidden|orientation|screenSize|uiMode"
33-->src/main/AndroidManifest.xml:16:9-86
34            android:label="@string/app_name"
34-->src/main/AndroidManifest.xml:15:9-41
35            android:launchMode="singleTask"
35-->src/main/AndroidManifest.xml:17:9-40
36            android:windowSoftInputMode="adjustResize" >
36-->src/main/AndroidManifest.xml:18:9-51
37            <intent-filter>
37-->src/main/AndroidManifest.xml:19:9-22:25
38                <action android:name="android.intent.action.MAIN" />
38-->src/main/AndroidManifest.xml:20:13-65
38-->src/main/AndroidManifest.xml:20:21-62
39
40                <category android:name="android.intent.category.LAUNCHER" />
40-->src/main/AndroidManifest.xml:21:13-73
40-->src/main/AndroidManifest.xml:21:23-70
41            </intent-filter>
42        </activity>
43        <activity android:name="com.facebook.react.devsupport.DevSettingsActivity" />
43-->src/main/AndroidManifest.xml:24:7-84
43-->src/main/AndroidManifest.xml:24:17-81
44
45        <provider
45-->[:react-native-image-picker] AndroidManifest.xml:10:9-18:20
46            android:name="com.imagepicker.FileProvider"
46-->[:react-native-image-picker] AndroidManifest.xml:11:13-56
47            android:authorities="com.dyonisos.provider"
47-->[:react-native-image-picker] AndroidManifest.xml:12:13-60
48            android:exported="false"
48-->[:react-native-image-picker] AndroidManifest.xml:13:13-37
49            android:grantUriPermissions="true" >
49-->[:react-native-image-picker] AndroidManifest.xml:14:13-47
50            <meta-data
50-->[:react-native-image-picker] AndroidManifest.xml:15:13-17:58
51                android:name="android.support.FILE_PROVIDER_PATHS"
51-->[:react-native-image-picker] AndroidManifest.xml:16:17-67
52                android:resource="@xml/provider_paths" />
52-->[:react-native-image-picker] AndroidManifest.xml:17:17-55
53        </provider>
54        <provider
54-->[:react-native-share] AndroidManifest.xml:15:9-25:20
55            android:name="cl.json.RNShareFileProvider"
55-->[:react-native-share] AndroidManifest.xml:16:13-55
56            android:authorities="com.dyonisos.rnshare.fileprovider"
56-->[:react-native-share] AndroidManifest.xml:17:13-72
57            android:exported="false"
57-->[:react-native-share] AndroidManifest.xml:18:13-37
58            android:grantUriPermissions="true" >
58-->[:react-native-share] AndroidManifest.xml:19:13-47
59            <meta-data
59-->[:react-native-image-picker] AndroidManifest.xml:15:13-17:58
60                android:name="android.support.FILE_PROVIDER_PATHS"
60-->[:react-native-image-picker] AndroidManifest.xml:16:17-67
61                android:resource="@xml/share_download_paths" />
61-->[:react-native-image-picker] AndroidManifest.xml:17:17-55
62        </provider>
63    </application>
64
65</manifest>